<?xml version="1.0" encoding="UTF-8"?>
<!-- Generated by org.testng.reporters.JUnitXMLReporter -->
<testsuite ignored="0" hostname="AnkitL-L" failures="1" tests="4" name="Test" time="7.958" errors="0" timestamp="2024-04-27T20:50:00 IST">
  <testcase classname="browserStackTC.BrowserStackSetup" name="enter_userDetails" time="2.748">
    <failure type="java.lang.AssertionError" message="expected [App &amp;amp; Browser Testing Made Easy] but found [Create a FREE Account]">
      <![CDATA[java.lang.AssertionError: expected [App & Browser Testing Made Easy] but found [Create a FREE Account]
at demo.POM.BrowserStackSignUpPage.veryHeader(BrowserStackSignUpPage.java:25)
at browserStackTC.BrowserStackSetup.enter_userDetails(BrowserStackSetup.java:38)
at java.base/java.util.concurrent.Executors$RunnableAdapter.call(Executors.java:572)
at java.base/java.util.concurrent.FutureTask.run(FutureTask.java:317)
at java.base/java.util.concurrent.ThreadPoolExecutor.runWorker(ThreadPoolExecutor.java:1144)
at java.base/java.util.concurrent.ThreadPoolExecutor$Worker.run(ThreadPoolExecutor.java:642)
at java.base/java.lang.Thread.run(Thread.java:1570)
... Removed 17 stack frames]]>
    </failure>
  </testcase> <!-- enter_userDetails -->
  <testcase classname="browserStackTC.checkboxes" name="testingcheckboxes" time="3.214"/>
  <testcase classname="browserStackTC.BrowserStackSetup" name="navigate_to_homepage_click_on_getstarted" time="5.118"/>
  <testcase classname="browserStackTC.BrowserStackSetup" name="enter_userDetails" time="2.745"/>
</testsuite> <!-- Test -->
